-- Found ament_cmake: 1.3.5 (/opt/ros/humble/share/ament_cmake/cmake)
-- Found control_msgs: 4.4.0 (/opt/ros/humble/share/control_msgs/cmake)
-- Found rosidl_generator_c: 3.1.5 (/opt/ros/humble/share/rosidl_generator_c/cmake)
-- Found rosidl_adapter: 3.1.5 (/opt/ros/humble/share/rosidl_adapter/cmake)
-- Found rosidl_generator_cpp: 3.1.5 (/opt/ros/humble/share/rosidl_generator_cpp/cmake)
-- Using all available rosidl_typesupport_c: rosidl_typesupport_fastrtps_c;rosidl_typesupport_introspection_c
-- Using all available rosidl_typesupport_cpp: rosidl_typesupport_fastrtps_cpp;rosidl_typesupport_introspection_cpp
-- Found interactive_markers: 2.3.2 (/opt/ros/humble/share/interactive_markers/cmake)
-- Found rmw_implementation_cmake: 6.1.1 (/opt/ros/humble/share/rmw_implementation_cmake/cmake)
-- Found rmw_fastrtps_cpp: 6.2.3 (/opt/ros/humble/share/rmw_fastrtps_cpp/cmake)
-- Using RMW implementation 'rmw_fastrtps_cpp' as default
-- Found rclcpp_action: 16.0.5 (/opt/ros/humble/share/rclcpp_action/cmake)
-- Found tf2_geometry_msgs: 0.25.3 (/opt/ros/humble/share/tf2_geometry_msgs/cmake)
-- Found eigen3_cmake_module: 0.1.1 (/opt/ros/humble/share/eigen3_cmake_module/cmake)
-- Ensuring Eigen3 include directory is part of orocos-kdl CMake target
-- Found ament_lint_auto: 0.12.7 (/opt/ros/humble/share/ament_lint_auto/cmake)
-- Added test 'cppcheck' to perform static code analysis on C / C++ code
-- Configured cppcheck include dirs: /home/pathfinder/vis_ws/src/wholebody_visualization/include;$<BUILD_INTERFACE:/home/pathfinder/vis_ws/src/wholebody_visualization/include/>
-- Configured cppcheck exclude dirs and/or files: 
-- Added test 'flake8' to check Python code syntax and style conventions
-- Added test 'lint_cmake' to check CMake code style
-- Added test 'pep257' to check Python code against some of the docstring style conventions in PEP 257
-- Added test 'uncrustify' to check C / C++ code style
-- Configured uncrustify additional arguments: 
-- Added test 'xmllint' to check XML markup files
-- Configuring done
-- Generating done
-- Build files have been written to: /home/pathfinder/vis_ws/build/wholebody_visualization
[35m[1mConsolidate compiler generated dependencies of target wholebody_visualization[0m
[ 50%] [32mBuilding CXX object CMakeFiles/wholebody_visualization.dir/src/joint_state_pub.cpp.o[0m
[01m[K/home/pathfinder/vis_ws/src/wholebody_visualization/src/joint_state_pub.cpp:158:12:[m[K [01;31m[Kerror: [m[Kâ€˜[01m[Kstd::placehodlers[m[Kâ€™ has not been declared
  158 | using std::[01;31m[Kplacehodlers[m[K::_1;
      |            [01;31m[K^~~~~~~~~~~~[m[K
[01m[K/home/pathfinder/vis_ws/src/wholebody_visualization/src/joint_state_pub.cpp:[m[K In constructor â€˜[01m[Kinteractive_marker::controlnode::controlnode(const rclcpp::NodeOptions&)[m[Kâ€™:
[01m[K/home/pathfinder/vis_ws/src/wholebody_visualization/src/joint_state_pub.cpp:187:75:[m[K [01;31m[Kerror: [m[Ktype â€˜[01m[Krclcpp::NodeOptions[m[Kâ€™ is not a direct base of â€˜[01m[Kinteractive_marker::controlnode[m[Kâ€™
  187 | :controlnode(const rclcpp::NodeOptions & options ) :rclcpp::[01;31m[KNodeOptions[m[K("control_markers",options),
      |                                                             [01;31m[K^~~~~~~~~~~[m[K

[01m[K/home/pathfinder/vis_ws/src/wholebody_visualization/src/joint_state_pub.cpp:188:3:[m[K [01;31m[Kerror: [m[Kexpected identifier before â€˜[01m[K{[m[Kâ€™ token
  188 |   [01;31m[K{[m[K
      |   [01;31m[K^[m[K
[01m[K/home/pathfinder/vis_ws/src/wholebody_visualization/src/joint_state_pub.cpp:188:3:[m[K [01;31m[Kerror: [m[Kno matching function for call to â€˜[01m[Krclcpp::Node::Node()[m[Kâ€™
In file included from [01m[K/opt/ros/humble/include/rclcpp/rclcpp/executors/single_threaded_executor.hpp:28[m[K,
                 from [01m[K/opt/ros/humble/include/rclcpp/rclcpp/executors.hpp:22[m[K,
                 from [01m[K/opt/ros/humble/include/rclcpp/rclcpp/rclcpp.hpp:155[m[K,
                 from [01m[K/home/pathfinder/vis_ws/src/wholebody_visualization/include/joint_state_pub.h:4[m[K,
                 from [01m[K/home/pathfinder/vis_ws/src/wholebody_visualization/src/joint_state_pub.cpp:1[m[K:
[01m[K/opt/ros/humble/include/rclcpp/rclcpp/node.hpp:1294:3:[m[K [01;36m[Knote: [m[Kcandidate: â€˜[01m[Krclcpp::Node::Node(const rclcpp::Node&, const string&)[m[Kâ€™
 1294 |   [01;36m[KNode[m[K(
      |   [01;36m[K^~~~[m[K
[01m[K/opt/ros/humble/include/rclcpp/rclcpp/node.hpp:1294:3:[m[K [01;36m[Knote: [m[K  candidate expects 2 arguments, 0 provided
[01m[K/opt/ros/humble/include/rclcpp/rclcpp/node.hpp:101:12:[m[K [01;36m[Knote: [m[Kcandidate: â€˜[01m[Krclcpp::Node::Node(const string&, const string&, const rclcpp::NodeOptions&)[m[Kâ€™
  101 |   explicit [01;36m[KNode[m[K(
      |            [01;36m[K^~~~[m[K
[01m[K/opt/ros/humble/include/rclcpp/rclcpp/node.hpp:101:12:[m[K [01;36m[Knote: [m[K  candidate expects 3 arguments, 0 provided
[01m[K/opt/ros/humble/include/rclcpp/rclcpp/node.hpp:89:12:[m[K [01;36m[Knote: [m[Kcandidate: â€˜[01m[Krclcpp::Node::Node(const string&, const rclcpp::NodeOptions&)[m[Kâ€™
   89 |   explicit [01;36m[KNode[m[K(
      |            [01;36m[K^~~~[m[K
[01m[K/opt/ros/humble/include/rclcpp/rclcpp/node.hpp:89:12:[m[K [01;36m[Knote: [m[K  candidate expects 2 arguments, 0 provided
[01m[K/home/pathfinder/vis_ws/src/wholebody_visualization/src/joint_state_pub.cpp:[m[K At global scope:
[01m[K/home/pathfinder/vis_ws/src/wholebody_visualization/src/joint_state_pub.cpp:209:3:[m[K [01;31m[Kerror: [m[KISO C++ forbids declaration of â€˜[01m[KprocessFeedback[m[Kâ€™ with no type [[01;31m[K]8;;https://gcc.gnu.org/onlinedocs/gcc/Warning-Options.html#index-fpermissive-fpermissive]8;;[m[K]
  209 |   [01;31m[Kcontrolnode[m[K::processFeedback(
      |   [01;31m[K^~~~~~~~~~~[m[K
[01m[K/home/pathfinder/vis_ws/src/wholebody_visualization/src/joint_state_pub.cpp:209:3:[m[K [01;31m[Kerror: [m[Kno declaration matches â€˜[01m[Kint interactive_marker::controlnode::processFeedback(const ConstSharedPtr&)[m[Kâ€™
[01m[K/home/pathfinder/vis_ws/src/wholebody_visualization/src/joint_state_pub.cpp:181:3:[m[K [01;36m[Knote: [m[Kcandidate is: â€˜[01m[Kvoid interactive_marker::controlnode::processFeedback(const ConstSharedPtr&)[m[Kâ€™
  181 |   [01;36m[KprocessFeedback[m[K(
      |   [01;36m[K^~~~~~~~~~~~~~~[m[K
[01m[K/home/pathfinder/vis_ws/src/wholebody_visualization/src/joint_state_pub.cpp:161:9:[m[K [01;36m[Knote: [m[Kâ€˜[01m[Kclass interactive_marker::controlnode[m[Kâ€™ defined here
  161 |   class [01;36m[Kcontrolnode[m[K : public rclcpp::Node
      |         [01;36m[K^~~~~~~~~~~[m[K
[01m[K/home/pathfinder/vis_ws/src/wholebody_visualization/src/joint_state_pub.cpp:266:6:[m[K [01;31m[Kerror: [m[Kno declaration matches â€˜[01m[Kvoid interactive_marker::controlnode::initialize_marker(geometry_msgs::msg::Pose)[m[Kâ€™
  266 | void [01;31m[Kcontrolnode[m[K::initialize_marker(const geometry_msgs::msg::Pose pose_msg)
      |      [01;31m[K^~~~~~~~~~~[m[K
[01m[K/home/pathfinder/vis_ws/src/wholebody_visualization/src/joint_state_pub.cpp:174:9:[m[K [01;36m[Knote: [m[Kcandidate is: â€˜[01m[Kvoid interactive_marker::controlnode::initialize_marker()[m[Kâ€™
  174 |   void  [01;36m[Kinitialize_marker[m[K();
      |         [01;36m[K^~~~~~~~~~~~~~~~~[m[K
[01m[K/home/pathfinder/vis_ws/src/wholebody_visualization/src/joint_state_pub.cpp:161:9:[m[K [01;36m[Knote: [m[Kâ€˜[01m[Kclass interactive_marker::controlnode[m[Kâ€™ defined here
  161 |   class [01;36m[Kcontrolnode[m[K : public rclcpp::Node
      |         [01;36m[K^~~~~~~~~~~[m[K
gmake[2]: *** [CMakeFiles/wholebody_visualization.dir/build.make:76: CMakeFiles/wholebody_visualization.dir/src/joint_state_pub.cpp.o] Error 1
gmake[1]: *** [CMakeFiles/Makefile2:137: CMakeFiles/wholebody_visualization.dir/all] Error 2
gmake: *** [Makefile:146: all] Error 2
