[0.025s] Invoking command in '/home/pathfinder/vis_ws/build/wholebody_visualization': CMAKE_PREFIX_PATH=${CMAKE_PREFIX_PATH}:/home/pathfinder/ws_moveit2/install/moveit_configs_utils:/home/pathfinder/ws_moveit2/install/launch_param_builder:/opt/ros/humble /usr/bin/cmake --build /home/pathfinder/vis_ws/build/wholebody_visualization -- -j12 -l12
[0.074s] [35m[1mConsolidate compiler generated dependencies of target wholebody_visualization[0m
[0.092s] [ 50%] [32mBuilding CXX object CMakeFiles/wholebody_visualization.dir/src/joint_state_pub.cpp.o[0m
[1.584s] [01m[K/home/pathfinder/vis_ws/src/wholebody_visualization/src/joint_state_pub.cpp:[m[K In member function â€˜[01m[Kvoid JointStatePub::processFeedback(const ConstSharedPtr&)[m[Kâ€™:
[1.584s] [01m[K/home/pathfinder/vis_ws/src/wholebody_visualization/src/joint_state_pub.cpp:117:37:[m[K [01;31m[Kerror: [m[Kâ€˜[01m[Kinteractive_markers_mutex_[m[Kâ€™ was not declared in this scope; did you mean â€˜[01m[Kinteractive_markers[m[Kâ€™?
[1.584s]   117 |   std::unique_lock<std::mutex> lock([01;31m[Kinteractive_markers_mutex_[m[K);
[1.584s]       |                                     [01;31m[K^~~~~~~~~~~~~~~~~~~~~~~~~~[m[K
[1.584s]       |                                     [32m[Kinteractive_markers[m[K
[3.038s] gmake[2]: *** [CMakeFiles/wholebody_visualization.dir/build.make:76: CMakeFiles/wholebody_visualization.dir/src/joint_state_pub.cpp.o] Error 1
[3.038s] gmake[1]: *** [CMakeFiles/Makefile2:137: CMakeFiles/wholebody_visualization.dir/all] Error 2
[3.038s] gmake: *** [Makefile:146: all] Error 2
[3.040s] Invoked command in '/home/pathfinder/vis_ws/build/wholebody_visualization' returned '2': CMAKE_PREFIX_PATH=${CMAKE_PREFIX_PATH}:/home/pathfinder/ws_moveit2/install/moveit_configs_utils:/home/pathfinder/ws_moveit2/install/launch_param_builder:/opt/ros/humble /usr/bin/cmake --build /home/pathfinder/vis_ws/build/wholebody_visualization -- -j12 -l12
