[01m[K/home/pathfinder/vis_ws/src/wholebody_visualization/src/joint_state_pub.cpp:[m[K In constructor â€˜[01m[KJointStatePub::JointStatePub(std::string)[m[Kâ€™:
[01m[K/home/pathfinder/vis_ws/src/wholebody_visualization/src/joint_state_pub.cpp:23:3:[m[K [01;31m[Kerror: [m[Kâ€˜[01m[Kmarker_publish_timer[m[Kâ€™ was not declared in this scope; did you mean â€˜[01m[Kmarker_publisher[m[Kâ€™?
   23 |   [01;31m[Kmarker_publish_timer[m[K = this->create_wall_timer(
      |   [01;31m[K^~~~~~~~~~~~~~~~~~~~[m[K
      |   [32m[Kmarker_publisher[m[K
[01m[K/home/pathfinder/vis_ws/src/wholebody_visualization/src/joint_state_pub.cpp:25:33:[m[K [01;31m[Kerror: [m[Kâ€˜[01m[Kpublish_marker[m[Kâ€™ is not a member of â€˜[01m[KJointStatePub[m[Kâ€™
   25 |       std::bind(&JointStatePub::[01;31m[Kpublish_marker[m[K, this));
      |                                 [01;31m[K^~~~~~~~~~~~~~[m[K
[01m[K/home/pathfinder/vis_ws/src/wholebody_visualization/src/joint_state_pub.cpp:[m[K At global scope:
[01m[K/home/pathfinder/vis_ws/src/wholebody_visualization/src/joint_state_pub.cpp:127:6:[m[K [01;31m[Kerror: [m[Kno declaration matches â€˜[01m[Kvoid JointStatePub::publish_marker()[m[Kâ€™
  127 | void [01;31m[KJointStatePub[m[K::publish_marker(){
      |      [01;31m[K^~~~~~~~~~~~~[m[K
[01m[K/home/pathfinder/vis_ws/src/wholebody_visualization/src/joint_state_pub.cpp:127:6:[m[K [01;36m[Knote: [m[Kno functions named â€˜[01m[Kvoid JointStatePub::publish_marker()[m[Kâ€™
In file included from [01m[K/home/pathfinder/vis_ws/src/wholebody_visualization/src/joint_state_pub.cpp:1[m[K:
[01m[K/home/pathfinder/vis_ws/src/wholebody_visualization/include/joint_state_pub.h:28:7:[m[K [01;36m[Knote: [m[Kâ€˜[01m[Kclass JointStatePub[m[Kâ€™ defined here
   28 | class [01;36m[KJointStatePub[m[K : public rclcpp::Node {
      |       [01;36m[K^~~~~~~~~~~~~[m[K
gmake[2]: *** [CMakeFiles/wholebody_visualization.dir/build.make:76: CMakeFiles/wholebody_visualization.dir/src/joint_state_pub.cpp.o] Error 1
gmake[1]: *** [CMakeFiles/Makefile2:137: CMakeFiles/wholebody_visualization.dir/all] Error 2
gmake: *** [Makefile:146: all] Error 2
