[0.023s] Invoking command in '/home/pathfinder/vis_ws/build/wholebody_visualization': CMAKE_PREFIX_PATH=${CMAKE_PREFIX_PATH}:/home/pathfinder/ws_moveit2/install/moveit_configs_utils:/home/pathfinder/ws_moveit2/install/launch_param_builder:/opt/ros/humble /usr/bin/cmake --build /home/pathfinder/vis_ws/build/wholebody_visualization -- -j12 -l12
[0.072s] [35m[1mConsolidate compiler generated dependencies of target wholebody_visualization[0m
[0.090s] [ 50%] [32mBuilding CXX object CMakeFiles/wholebody_visualization.dir/src/joint_state_pub.cpp.o[0m
[1.708s] [01m[K/home/pathfinder/vis_ws/src/wholebody_visualization/src/joint_state_pub.cpp:[m[K In constructor â€˜[01m[KJointStatePub::JointStatePub(std::string)[m[Kâ€™:
[1.708s] [01m[K/home/pathfinder/vis_ws/src/wholebody_visualization/src/joint_state_pub.cpp:23:3:[m[K [01;31m[Kerror: [m[Kâ€˜[01m[Kmarker_publish_timer[m[Kâ€™ was not declared in this scope; did you mean â€˜[01m[Kmarker_publisher[m[Kâ€™?
[1.708s]    23 |   [01;31m[Kmarker_publish_timer[m[K = this->create_wall_timer(
[1.708s]       |   [01;31m[K^~~~~~~~~~~~~~~~~~~~[m[K
[1.708s]       |   [32m[Kmarker_publisher[m[K
[1.708s] [01m[K/home/pathfinder/vis_ws/src/wholebody_visualization/src/joint_state_pub.cpp:25:33:[m[K [01;31m[Kerror: [m[Kâ€˜[01m[Kpublish_marker[m[Kâ€™ is not a member of â€˜[01m[KJointStatePub[m[Kâ€™
[1.708s]    25 |       std::bind(&JointStatePub::[01;31m[Kpublish_marker[m[K, this));
[1.708s]       |                                 [01;31m[K^~~~~~~~~~~~~~[m[K
[1.717s] [01m[K/home/pathfinder/vis_ws/src/wholebody_visualization/src/joint_state_pub.cpp:[m[K At global scope:
[1.717s] [01m[K/home/pathfinder/vis_ws/src/wholebody_visualization/src/joint_state_pub.cpp:127:6:[m[K [01;31m[Kerror: [m[Kno declaration matches â€˜[01m[Kvoid JointStatePub::publish_marker()[m[Kâ€™
[1.717s]   127 | void [01;31m[KJointStatePub[m[K::publish_marker(){
[1.717s]       |      [01;31m[K^~~~~~~~~~~~~[m[K
[1.717s] [01m[K/home/pathfinder/vis_ws/src/wholebody_visualization/src/joint_state_pub.cpp:127:6:[m[K [01;36m[Knote: [m[Kno functions named â€˜[01m[Kvoid JointStatePub::publish_marker()[m[Kâ€™
[1.717s] In file included from [01m[K/home/pathfinder/vis_ws/src/wholebody_visualization/src/joint_state_pub.cpp:1[m[K:
[1.717s] [01m[K/home/pathfinder/vis_ws/src/wholebody_visualization/include/joint_state_pub.h:28:7:[m[K [01;36m[Knote: [m[Kâ€˜[01m[Kclass JointStatePub[m[Kâ€™ defined here
[1.717s]    28 | class [01;36m[KJointStatePub[m[K : public rclcpp::Node {
[1.717s]       |       [01;36m[K^~~~~~~~~~~~~[m[K
[3.293s] gmake[2]: *** [CMakeFiles/wholebody_visualization.dir/build.make:76: CMakeFiles/wholebody_visualization.dir/src/joint_state_pub.cpp.o] Error 1
[3.293s] gmake[1]: *** [CMakeFiles/Makefile2:137: CMakeFiles/wholebody_visualization.dir/all] Error 2
[3.293s] gmake: *** [Makefile:146: all] Error 2
[3.296s] Invoked command in '/home/pathfinder/vis_ws/build/wholebody_visualization' returned '2': CMAKE_PREFIX_PATH=${CMAKE_PREFIX_PATH}:/home/pathfinder/ws_moveit2/install/moveit_configs_utils:/home/pathfinder/ws_moveit2/install/launch_param_builder:/opt/ros/humble /usr/bin/cmake --build /home/pathfinder/vis_ws/build/wholebody_visualization -- -j12 -l12
